<?xml version="1.0" encoding="UTF-8"?>
<!-- Generated by org.testng.reporters.JUnitReportReporter -->
<testsuite hostname="VALLI" failures="0" tests="2" name="testCases.TC001_AccountRegistrationTest" time="5.825" errors="0" timestamp="2025-01-21T23:13:53 IST" skipped="0">
  <testcase classname="testCases.TC001_AccountRegistrationTest" name="Verify_Account_SignIn" time="2.314"/>
  <system-out/>
  <testcase classname="testCases.TC001_AccountRegistrationTest" name="Verify_Account_SignIn" time="3.511"/>
  <system-out/>
</testsuite> <!-- testCases.TC001_AccountRegistrationTest -->
