<?xml version="1.0" encoding="UTF-8"?>
<!-- Generated by org.testng.reporters.JUnitReportReporter -->
<testsuite hostname="VALLI" failures="0" tests="2" name="testCases.TC002_AccountLoginTest" time="3.692" errors="0" timestamp="2025-01-21T23:13:53 IST" skipped="0">
  <testcase classname="testCases.TC002_AccountLoginTest" name="verify_Login" time="2.012"/>
  <system-out/>
  <testcase classname="testCases.TC002_AccountLoginTest" name="verify_Login" time="1.680"/>
  <system-out/>
</testsuite> <!-- testCases.TC002_AccountLoginTest -->
