<?xml version="1.0" encoding="UTF-8"?>
<!-- Generated by org.testng.reporters.JUnitReportReporter -->
<testsuite hostname="VALLI" failures="0" tests="1" name="testCases.TC001_AccountRegistrationTest" time="3.573" errors="0" timestamp="2025-01-22T13:53:09 IST" skipped="0">
  <testcase classname="testCases.TC001_AccountRegistrationTest" name="Verify_Account_SignIn" time="3.573"/>
</testsuite> <!-- testCases.TC001_AccountRegistrationTest -->
