<?xml version="1.0" encoding="UTF-8"?>
<!-- Generated by org.testng.reporters.JUnitReportReporter -->
<testsuite hostname="VALLI" failures="0" tests="1" name="testCases.TC002_AccountLoginTest" time="2.170" errors="0" timestamp="2025-01-22T13:53:09 IST" skipped="0">
  <testcase classname="testCases.TC002_AccountLoginTest" name="verify_Login" time="2.170"/>
</testsuite> <!-- testCases.TC002_AccountLoginTest -->
